D:\WINDOCS\UPENN\COURSES\CIS562\HOMEWORK ASSIGNMENTS\2014\HW2\FRAMEWORK FOR STUDENTS WHO DON'T WANT TO INSTALL QT SDK\CURVEEDITOR\DEBUG\MOC_MAINWINDOW.OBJ
D:\WINDOCS\UPENN\COURSES\CIS562\HOMEWORK ASSIGNMENTS\2014\HW2\FRAMEWORK FOR STUDENTS WHO DON'T WANT TO INSTALL QT SDK\CURVEEDITOR\DEBUG\MOC_GRAPHWIDGET.OBJ
D:\WINDOCS\UPENN\COURSES\CIS562\HOMEWORK ASSIGNMENTS\2014\HW2\FRAMEWORK FOR STUDENTS WHO DON'T WANT TO INSTALL QT SDK\CURVEEDITOR\DEBUG\MOC_GRAPHICSSCENE.OBJ
D:\WINDOCS\UPENN\COURSES\CIS562\HOMEWORK ASSIGNMENTS\2014\HW2\FRAMEWORK FOR STUDENTS WHO DON'T WANT TO INSTALL QT SDK\CURVEEDITOR\DEBUG\MOC_ABOUTDIALOG.OBJ
D:\WINDOCS\UPENN\COURSES\CIS562\HOMEWORK ASSIGNMENTS\2014\HW2\FRAMEWORK FOR STUDENTS WHO DON'T WANT TO INSTALL QT SDK\CURVEEDITOR\DEBUG\SVZALGEBRA.OBJ
D:\WINDOCS\UPENN\COURSES\CIS562\HOMEWORK ASSIGNMENTS\2014\HW2\FRAMEWORK FOR STUDENTS WHO DON'T WANT TO INSTALL QT SDK\CURVEEDITOR\DEBUG\SPLINE.OBJ
D:\WINDOCS\UPENN\COURSES\CIS562\HOMEWORK ASSIGNMENTS\2014\HW2\FRAMEWORK FOR STUDENTS WHO DON'T WANT TO INSTALL QT SDK\CURVEEDITOR\DEBUG\NODE.OBJ
D:\WINDOCS\UPENN\COURSES\CIS562\HOMEWORK ASSIGNMENTS\2014\HW2\FRAMEWORK FOR STUDENTS WHO DON'T WANT TO INSTALL QT SDK\CURVEEDITOR\DEBUG\MAINWINDOW.OBJ
D:\WINDOCS\UPENN\COURSES\CIS562\HOMEWORK ASSIGNMENTS\2014\HW2\FRAMEWORK FOR STUDENTS WHO DON'T WANT TO INSTALL QT SDK\CURVEEDITOR\DEBUG\MAIN.OBJ
D:\WINDOCS\UPENN\COURSES\CIS562\HOMEWORK ASSIGNMENTS\2014\HW2\FRAMEWORK FOR STUDENTS WHO DON'T WANT TO INSTALL QT SDK\CURVEEDITOR\DEBUG\GRAPHWIDGET.OBJ
D:\WINDOCS\UPENN\COURSES\CIS562\HOMEWORK ASSIGNMENTS\2014\HW2\FRAMEWORK FOR STUDENTS WHO DON'T WANT TO INSTALL QT SDK\CURVEEDITOR\DEBUG\GRAPHICSSCENE.OBJ
D:\WINDOCS\UPENN\COURSES\CIS562\HOMEWORK ASSIGNMENTS\2014\HW2\FRAMEWORK FOR STUDENTS WHO DON'T WANT TO INSTALL QT SDK\CURVEEDITOR\DEBUG\EDGE.OBJ
D:\WINDOCS\UPENN\COURSES\CIS562\HOMEWORK ASSIGNMENTS\2014\HW2\FRAMEWORK FOR STUDENTS WHO DON'T WANT TO INSTALL QT SDK\CURVEEDITOR\DEBUG\ABOUTDIALOG.OBJ
D:\WINDOCS\UPENN\COURSES\CIS562\HOMEWORK ASSIGNMENTS\2014\HW2\FRAMEWORK FOR STUDENTS WHO DON'T WANT TO INSTALL QT SDK\CURVEEDITOR\DEBUG\VC110.PDB
D:\WINDOCS\UPENN\COURSES\CIS562\HOMEWORK ASSIGNMENTS\2014\HW2\FRAMEWORK FOR STUDENTS WHO DON'T WANT TO INSTALL QT SDK\CURVEEDITOR\DEBUG\QRC_RESOURCE.OBJ
D:\WINDOCS\UPENN\COURSES\CIS562\HOMEWORK ASSIGNMENTS\2014\HW2\FRAMEWORK FOR STUDENTS WHO DON'T WANT TO INSTALL QT SDK\CURVEEDITOR\GENERATEDFILES\DEBUG\MOC_ABOUTDIALOG.CPP
D:\WINDOCS\UPENN\COURSES\CIS562\HOMEWORK ASSIGNMENTS\2014\HW2\FRAMEWORK FOR STUDENTS WHO DON'T WANT TO INSTALL QT SDK\CURVEEDITOR\GENERATEDFILES\DEBUG\MOC_GRAPHICSSCENE.CPP
D:\WINDOCS\UPENN\COURSES\CIS562\HOMEWORK ASSIGNMENTS\2014\HW2\FRAMEWORK FOR STUDENTS WHO DON'T WANT TO INSTALL QT SDK\CURVEEDITOR\GENERATEDFILES\DEBUG\MOC_GRAPHWIDGET.CPP
D:\WINDOCS\UPENN\COURSES\CIS562\HOMEWORK ASSIGNMENTS\2014\HW2\FRAMEWORK FOR STUDENTS WHO DON'T WANT TO INSTALL QT SDK\CURVEEDITOR\GENERATEDFILES\DEBUG\MOC_MAINWINDOW.CPP
D:\WINDOCS\UPENN\COURSES\CIS562\HOMEWORK ASSIGNMENTS\2014\HW2\FRAMEWORK FOR STUDENTS WHO DON'T WANT TO INSTALL QT SDK\CURVEEDITOR\GENERATEDFILES\UI_ABOUTDIALOG.H
D:\WINDOCS\UPENN\COURSES\CIS562\HOMEWORK ASSIGNMENTS\2014\HW2\FRAMEWORK FOR STUDENTS WHO DON'T WANT TO INSTALL QT SDK\CURVEEDITOR\GENERATEDFILES\UI_MAINWINDOW.H
D:\WINDOCS\UPENN\COURSES\CIS562\HOMEWORK ASSIGNMENTS\2014\HW2\FRAMEWORK FOR STUDENTS WHO DON'T WANT TO INSTALL QT SDK\CURVEEDITOR\GENERATEDFILES\QRC_RESOURCE.CPP
D:\WINDOCS\UPENN\COURSES\CIS562\HOMEWORK ASSIGNMENTS\2014\HW2\FRAMEWORK FOR STUDENTS WHO DON'T WANT TO INSTALL QT SDK\DEBUG\CURVEEDITOR.ILK
D:\WINDOCS\UPENN\COURSES\CIS562\HOMEWORK ASSIGNMENTS\2014\HW2\FRAMEWORK FOR STUDENTS WHO DON'T WANT TO INSTALL QT SDK\DEBUG\CURVEEDITOR.EXE
D:\WINDOCS\UPENN\COURSES\CIS562\HOMEWORK ASSIGNMENTS\2014\HW2\FRAMEWORK FOR STUDENTS WHO DON'T WANT TO INSTALL QT SDK\DEBUG\CURVEEDITOR.PDB
d:\WinDocs\UPenn\Courses\CIS562\Homework Assignments\2014\HW2\Curve Editor Framework\CurveEditor\Debug\aboutdialog.obj
d:\WinDocs\UPenn\Courses\CIS562\Homework Assignments\2014\HW2\Curve Editor Framework\CurveEditor\Debug\edge.obj
d:\WinDocs\UPenn\Courses\CIS562\Homework Assignments\2014\HW2\Curve Editor Framework\CurveEditor\Debug\graphicsscene.obj
d:\WinDocs\UPenn\Courses\CIS562\Homework Assignments\2014\HW2\Curve Editor Framework\CurveEditor\Debug\graphwidget.obj
d:\WinDocs\UPenn\Courses\CIS562\Homework Assignments\2014\HW2\Curve Editor Framework\CurveEditor\Debug\main.obj
d:\WinDocs\UPenn\Courses\CIS562\Homework Assignments\2014\HW2\Curve Editor Framework\CurveEditor\Debug\mainwindow.obj
d:\WinDocs\UPenn\Courses\CIS562\Homework Assignments\2014\HW2\Curve Editor Framework\CurveEditor\Debug\moc_aboutdialog.obj
d:\WinDocs\UPenn\Courses\CIS562\Homework Assignments\2014\HW2\Curve Editor Framework\CurveEditor\Debug\moc_graphicsscene.obj
d:\WinDocs\UPenn\Courses\CIS562\Homework Assignments\2014\HW2\Curve Editor Framework\CurveEditor\Debug\moc_graphwidget.obj
d:\WinDocs\UPenn\Courses\CIS562\Homework Assignments\2014\HW2\Curve Editor Framework\CurveEditor\Debug\moc_mainwindow.obj
d:\WinDocs\UPenn\Courses\CIS562\Homework Assignments\2014\HW2\Curve Editor Framework\CurveEditor\Debug\node.obj
d:\WinDocs\UPenn\Courses\CIS562\Homework Assignments\2014\HW2\Curve Editor Framework\CurveEditor\Debug\qrc_Resource.obj
d:\WinDocs\UPenn\Courses\CIS562\Homework Assignments\2014\HW2\Curve Editor Framework\CurveEditor\Debug\spline.obj
d:\WinDocs\UPenn\Courses\CIS562\Homework Assignments\2014\HW2\Curve Editor Framework\CurveEditor\Debug\svzalgebra.obj
d:\WinDocs\UPenn\Courses\CIS562\Homework Assignments\2014\HW2\Curve Editor Framework\CurveEditor\Debug\cl.command.1.tlog
d:\WinDocs\UPenn\Courses\CIS562\Homework Assignments\2014\HW2\Curve Editor Framework\CurveEditor\Debug\CL.read.1.tlog
d:\WinDocs\UPenn\Courses\CIS562\Homework Assignments\2014\HW2\Curve Editor Framework\CurveEditor\Debug\CL.write.1.tlog
d:\WinDocs\UPenn\Courses\CIS562\Homework Assignments\2014\HW2\Curve Editor Framework\CurveEditor\Debug\custombuild.command.1.tlog
d:\WinDocs\UPenn\Courses\CIS562\Homework Assignments\2014\HW2\Curve Editor Framework\CurveEditor\Debug\custombuild.read.1.tlog
d:\WinDocs\UPenn\Courses\CIS562\Homework Assignments\2014\HW2\Curve Editor Framework\CurveEditor\Debug\custombuild.write.1.tlog
d:\WinDocs\UPenn\Courses\CIS562\Homework Assignments\2014\HW2\Curve Editor Framework\CurveEditor\Debug\link-cvtres.read.1.tlog
d:\WinDocs\UPenn\Courses\CIS562\Homework Assignments\2014\HW2\Curve Editor Framework\CurveEditor\Debug\link-cvtres.write.1.tlog
d:\WinDocs\UPenn\Courses\CIS562\Homework Assignments\2014\HW2\Curve Editor Framework\CurveEditor\Debug\link-rc.read.1.tlog
d:\WinDocs\UPenn\Courses\CIS562\Homework Assignments\2014\HW2\Curve Editor Framework\CurveEditor\Debug\link-rc.write.1.tlog
d:\WinDocs\UPenn\Courses\CIS562\Homework Assignments\2014\HW2\Curve Editor Framework\CurveEditor\Debug\link.command.1.tlog
d:\WinDocs\UPenn\Courses\CIS562\Homework Assignments\2014\HW2\Curve Editor Framework\CurveEditor\Debug\link.read.1.tlog
d:\WinDocs\UPenn\Courses\CIS562\Homework Assignments\2014\HW2\Curve Editor Framework\CurveEditor\Debug\link.read.2.tlog
d:\WinDocs\UPenn\Courses\CIS562\Homework Assignments\2014\HW2\Curve Editor Framework\CurveEditor\Debug\link.write.1.tlog
d:\WinDocs\UPenn\Courses\CIS562\Homework Assignments\2014\HW2\Curve Editor Framework\CurveEditor\Debug\vc110.pdb
d:\WinDocs\UPenn\Courses\CIS562\Homework Assignments\2014\HW2\Curve Editor Framework\Debug\CurveEditor.pdb
d:\WinDocs\UPenn\Courses\CIS562\Homework Assignments\2014\HW2\Curve Editor Framework\Debug\CurveEditor.exe
d:\WinDocs\UPenn\Courses\CIS562\Homework Assignments\2014\HW2\Curve Editor Framework\Debug\CurveEditor.ilk
